<?xml version="1.0" encoding="UTF-8"?>
<!-- Generated by org.testng.reporters.JUnitReportReporter -->
<testsuite hostname="LP95" failures="0" tests="1" name="reqres.demq" time="3.963" errors="0" timestamp="2024-04-15T18:46:22 IST" skipped="0">
  <testcase classname="reqres.demq" name="milton" time="3.963"/>
</testsuite> <!-- reqres.demq -->
