<?xml version="1.0" encoding="UTF-8"?>
<!-- Generated by org.testng.reporters.JUnitReportReporter -->
<testsuite hostname="LP95" failures="0" tests="1" name="PracticeAutomation.pojo1" time="4.373" errors="0" timestamp="2024-04-15T16:08:22 IST" skipped="0">
  <testcase classname="PracticeAutomation.pojo1" name="postrequest" time="4.373"/>
</testsuite> <!-- PracticeAutomation.pojo1 -->
