<?xml version="1.0" encoding="UTF-8"?>
<!-- Generated by org.testng.reporters.JUnitReportReporter -->
<testsuite hostname="LP95" failures="0" tests="1" name="PracticeAutomation.cookies" time="4.113" errors="0" timestamp="2024-04-15T14:58:24 IST" skipped="0">
  <testcase classname="PracticeAutomation.cookies" name="getcokkie" time="4.113"/>
</testsuite> <!-- PracticeAutomation.cookies -->
