<?xml version="1.0" encoding="UTF-8"?>
<!-- Generated by org.testng.reporters.JUnitReportReporter -->
<testsuite hostname="LP95" failures="0" tests="1" name="PracticeAutomation.re" time="3.926" errors="0" timestamp="2024-04-15T17:43:27 IST" skipped="0">
  <testcase classname="PracticeAutomation.re" name="finalimplement" time="3.926"/>
</testsuite> <!-- PracticeAutomation.re -->
