<?xml version="1.0" encoding="UTF-8"?>
<!-- Generated by org.testng.reporters.JUnitReportReporter -->
<testsuite hostname="LP95" failures="0" tests="3" name="reqres.seri" time="5.047" errors="0" timestamp="2024-04-16T18:02:30 IST" skipped="0">
  <testcase classname="reqres.seri" name="test1" time="0.372"/>
  <testcase classname="reqres.seri" name="test1" time="4.273"/>
  <testcase classname="reqres.seri" name="test1" time="0.402"/>
</testsuite> <!-- reqres.seri -->
