<?xml version="1.0" encoding="UTF-8"?>
<!-- Generated by org.testng.reporters.JUnitReportReporter -->
<testsuite hostname="LP95" failures="0" tests="1" name="PracticeAutomation.jsn2" time="3.744" errors="0" timestamp="2024-04-15T14:56:55 IST" skipped="0">
  <testcase classname="PracticeAutomation.jsn2" name="takes" time="3.744"/>
</testsuite> <!-- PracticeAutomation.jsn2 -->
